<?xml version="1.0" encoding="UTF-8"?>
<testsuite name="org.example.GameTest" tests="1" skipped="0" failures="0" errors="0" timestamp="2026-09-24T03:59:51.478Z" hostname="COFFEECOW" time="0.109">
  <properties/>
  <testcase name="testStartGame()" classname="org.example.GameTest" time="0.076"/>
  <system-out><![CDATA[Добро пожаловать в Блэкджек!
Раунд 1
Дилер раздал карты
Ваши карты: [Туз Пики (11), Король Червы (10)] => 21
Карты дилера: [Пятерка Пики (5), <закрытая карта>]
 
Поздравляю, у вас блэкджек!
 
Дилер открывает закрытую карту Шестерка Червы (6)
Ваши карты: [Туз Пики (11), Король Червы (10)] => 21
Карты дилера: [Пятерка Пики (5), Шестерка Червы (6)] => 11
 
Вы выиграли раунд! Счёт 1:0 в вашу пользу.

Введите "1", чтобы продолжить игру, и "0", чтобы остановиться...
]]></system-out>
  <system-err><![CDATA[]]></system-err>
</testsuite>
